<?xml version="1.0" encoding="UTF-8"?>
<!-- Generated by org.testng.reporters.JUnitXMLReporter -->
<testsuite ignored="0" hostname="priya-thakur" failures="0" tests="6" name="Command line test" time="0.069" errors="0" timestamp="2022-08-25T19:29:22 IST">
  <testcase classname="com.qa.tests.TestLog4j" name="testLog4jLogging" time="0.004"/>
  <testcase classname="com.qa.tests.TestLombokFunc" name="func1" time="0.003"/>
  <testcase classname="com.qa.tests.TestLombokFunc" name="testBuilder" time="0.01"/>
  <testcase classname="com.qa.tests.TestLombokFunc" name="testDataFeature" time="0.006"/>
  <testcase classname="com.qa.tests.TestLombokFunc" name="testLogging" time="0.001"/>
  <testcase classname="com.qa.tests.TestLombokFunc" name="testReqFields" time="0.007"/>
</testsuite> <!-- Command line test -->
