<?xml version="1.0" encoding="UTF-8" ?>
<testsuite tests="6" failures="0" name="TestSuite" time="0.036" errors="0" skipped="0">
  <properties>
[...]
</properties>
  <testcase classname="com.qa.tests.TestLog4j" name="testLog4jLogging" time="0.008"/>
  <testcase classname="com.qa.tests.TestLombokFunc" name="func1" time="0.004"/>
  <testcase classname="com.qa.tests.TestLombokFunc" name="testBuilder" time="0.01"/>
  <testcase classname="com.qa.tests.TestLombokFunc" name="testDataFeature" time="0.006"/>
  <testcase classname="com.qa.tests.TestLombokFunc" name="testLogging" time="0.003"/>
  <testcase classname="com.qa.tests.TestLombokFunc" name="testReqFields" time="0.005"/>
</testsuite>